# JRE version: OpenJDK Runtime Environment Corretto-21.0.11.10.1 (21.0.11+10) (build 21.0.11+10-LTS)
# Java VM: OpenJDK 64-Bit Server VM Corretto-21.0.11.10.1 (21.0.11+10-LTS, mixed mode, sharing, tiered, compressed oops, compressed class ptrs, g1 gc, windows-amd64)
GC Precious Log:
 CardTable entry size: 512
 Card Set container configuration: InlinePtr #cards 4 size 8 Array Of Cards #cards 16 size 48 Howl #buckets 8 coarsen threshold 3686 Howl Bitmap #cards 512 size 80 coarsen threshold 460 Card regions per heap region 1 cards per card region 4096
 CPUs: 2 total, 2 available
 Memory: 8014M
 Large Page Support: Disabled
 NUMA Support: Disabled
 Compressed Oops: Enabled (Zero based)
 Heap Region Size: 2M
 Heap Min Capacity: 8M
 Heap Initial Capacity: 126M
 Heap Max Capacity: 4G
 Pre-touch: Disabled
 Parallel Workers: 2
 Concurrent Workers: 1
 Concurrent Refinement Workers: 2
 Periodic GC: Disabled
Heap:
 garbage-first heap   total 491520K, used 310272K [0x0000000700000000, 0x0000000800000000)
  region size 2048K, 8 young (16384K), 7 survivors (14336K)
 Metaspace       used 195213K, committed 198016K, reserved 1245184K
  class space    used 24991K, committed 26368K, reserved 1048576K
GC Heap History (20 events):
Event: 637.376 GC heap before
{Heap before GC invocations=134 (full 0):
 garbage-first heap   total 477184K, used 405504K [0x0000000700000000, 0x0000000800000000)
  region size 2048K, 71 young (145408K), 12 survivors (24576K)
 Metaspace       used 177063K, committed 179712K, reserved 1245184K
  class space    used 22531K, committed 23808K, reserved 1048576K
}
Event: 637.452 GC heap after
{Heap after GC invocations=135 (full 0):
 garbage-first heap   total 477184K, used 290816K [0x0000000700000000, 0x0000000800000000)
  region size 2048K, 3 young (6144K), 3 survivors (6144K)
 Metaspace       used 177063K, committed 179712K, reserved 1245184K
  class space    used 22531K, committed 23808K, reserved 1048576K
}
Event: 644.863 GC heap before
{Heap before GC invocations=136 (full 0):
 garbage-first heap   total 477184K, used 389120K [0x0000000700000000, 0x0000000800000000)
  region size 2048K, 64 young (131072K), 3 survivors (6144K)
 Metaspace       used 179001K, committed 181760K, reserved 1245184K
  class space    used 22855K, committed 24192K, reserved 1048576K
}
Event: 644.971 GC heap after
{Heap after GC invocations=137 (full 0):
 garbage-first heap   total 477184K, used 303104K [0x0000000700000000, 0x0000000800000000)
  region size 2048K, 8 young (16384K), 8 survivors (16384K)
 Metaspace       used 179001K, committed 181760K, reserved 1245184K
  class space    used 22855K, committed 24192K, reserved 1048576K
}
Event: 657.551 GC heap before
{Heap before GC invocations=137 (full 0):
 garbage-first heap   total 477184K, used 407552K [0x0000000700000000, 0x0000000800000000)
  region size 2048K, 59 young (120832K), 8 survivors (16384K)
 Metaspace       used 181345K, committed 184064K, reserved 1245184K
  class space    used 23171K, committed 24512K, reserved 1048576K
}
Event: 657.633 GC heap after
{Heap after GC invocations=138 (full 0):
 garbage-first heap   total 477184K, used 322560K [0x0000000700000000, 0x0000000800000000)
  region size 2048K, 8 young (16384K), 8 survivors (16384K)
 Metaspace       used 181345K, committed 184064K, reserved 1245184K
  class space    used 23171K, committed 24512K, reserved 1048576K
}
Event: 665.323 GC heap before
{Heap before GC invocations=138 (full 0):
 garbage-first heap   total 477184K, used 396288K [0x0000000700000000, 0x0000000800000000)
  region size 2048K, 45 young (92160K), 8 survivors (16384K)
 Metaspace       used 185761K, committed 188480K, reserved 1245184K
  class space    used 23793K, committed 25152K, reserved 1048576K
}
Event: 665.363 GC heap after
{Heap after GC invocations=139 (full 0):
 garbage-first heap   total 477184K, used 329728K [0x0000000700000000, 0x0000000800000000)
  region size 2048K, 3 young (6144K), 3 survivors (6144K)
 Metaspace       used 185761K, committed 188480K, reserved 1245184K
  class space    used 23793K, committed 25152K, reserved 1048576K
}
Event: 698.915 GC heap before
{Heap before GC invocations=140 (full 0):
 garbage-first heap   total 477184K, used 370688K [0x0000000700000000, 0x0000000800000000)
  region size 2048K, 48 young (98304K), 3 survivors (6144K)
 Metaspace       used 185960K, committed 188736K, reserved 1245184K
  class space    used 23793K, committed 25152K, reserved 1048576K
}
Event: 698.967 GC heap after
{Heap after GC invocations=141 (full 0):
 garbage-first heap   total 477184K, used 283648K [0x0000000700000000, 0x0000000800000000)
  region size 2048K, 6 young (12288K), 6 survivors (12288K)
 Metaspace       used 185960K, committed 188736K, reserved 1245184K
  class space    used 23793K, committed 25152K, reserved 1048576K
}
Event: 703.834 GC heap before
{Heap before GC invocations=141 (full 0):
 garbage-first heap   total 477184K, used 414720K [0x0000000700000000, 0x0000000800000000)
  region size 2048K, 70 young (143360K), 6 survivors (12288K)
 Metaspace       used 186108K, committed 188864K, reserved 1245184K
  class space    used 23801K, committed 25152K, reserved 1048576K
}
Event: 703.956 GC heap after
{Heap after GC invocations=142 (full 0):
 garbage-first heap   total 477184K, used 320512K [0x0000000700000000, 0x0000000800000000)
  region size 2048K, 9 young (18432K), 9 survivors (18432K)
 Metaspace       used 186108K, committed 188864K, reserved 1245184K
  class space    used 23801K, committed 25152K, reserved 1048576K
}
Event: 750.225 GC heap before
{Heap before GC invocations=142 (full 0):
 garbage-first heap   total 477184K, used 412672K [0x0000000700000000, 0x0000000800000000)
  region size 2048K, 54 young (110592K), 9 survivors (18432K)
 Metaspace       used 188586K, committed 191360K, reserved 1245184K
  class space    used 24009K, committed 25344K, reserved 1048576K
}
Event: 750.312 GC heap after
{Heap after GC invocations=143 (full 0):
 garbage-first heap   total 477184K, used 338944K [0x0000000700000000, 0x0000000800000000)
  region size 2048K, 7 young (14336K), 7 survivors (14336K)
 Metaspace       used 188586K, committed 191360K, reserved 1245184K
  class space    used 24009K, committed 25344K, reserved 1048576K
}
Event: 766.398 GC heap before
{Heap before GC invocations=144 (full 0):
 garbage-first heap   total 491520K, used 375808K [0x0000000700000000, 0x0000000800000000)
  region size 2048K, 47 young (96256K), 7 survivors (14336K)
 Metaspace       used 193761K, committed 196544K, reserved 1245184K
  class space    used 24829K, committed 26176K, reserved 1048576K
}
Event: 766.449 GC heap after
{Heap after GC invocations=145 (full 0):
 garbage-first heap   total 491520K, used 300032K [0x0000000700000000, 0x0000000800000000)
  region size 2048K, 3 young (6144K), 3 survivors (6144K)
 Metaspace       used 193761K, committed 196544K, reserved 1245184K
  class space    used 24829K, committed 26176K, reserved 1048576K
}
Event: 776.742 GC heap before
{Heap before GC invocations=145 (full 0):
 garbage-first heap   total 491520K, used 422912K [0x0000000700000000, 0x0000000800000000)
  region size 2048K, 63 young (129024K), 3 survivors (6144K)
 Metaspace       used 194900K, committed 197696K, reserved 1245184K
  class space    used 24987K, committed 26368K, reserved 1048576K
}
Event: 776.836 GC heap after
{Heap after GC invocations=146 (full 0):
 garbage-first heap   total 491520K, used 326656K [0x0000000700000000, 0x0000000800000000)
  region size 2048K, 8 young (16384K), 8 survivors (16384K)
 Metaspace       used 194900K, committed 197696K, reserved 1245184K
  class space    used 24987K, committed 26368K, reserved 1048576K
}
Event: 786.355 GC heap before
{Heap before GC invocations=146 (full 0):
 garbage-first heap   total 491520K, used 381952K [0x0000000700000000, 0x0000000800000000)
  region size 2048K, 36 young (73728K), 8 survivors (16384K)
 Metaspace       used 195213K, committed 198016K, reserved 1245184K
  class space    used 24991K, committed 26368K, reserved 1048576K
}
Event: 786.429 GC heap after
{Heap after GC invocations=147 (full 0):
 garbage-first heap   total 491520K, used 345088K [0x0000000700000000, 0x0000000800000000)
  region size 2048K, 7 young (14336K), 7 survivors (14336K)
 Metaspace       used 195213K, committed 198016K, reserved 1245184K
  class space    used 24991K, committed 26368K, reserved 1048576K
}

