# JRE version: OpenJDK Runtime Environment Corretto-21.0.11.10.1 (21.0.11+10) (build 21.0.11+10-LTS)
# Java VM: OpenJDK 64-Bit Server VM Corretto-21.0.11.10.1 (21.0.11+10-LTS, mixed mode, sharing, tiered, compressed oops, compressed class ptrs, g1 gc, windows-amd64)
GC Precious Log:
 CardTable entry size: 512
 Card Set container configuration: InlinePtr #cards 4 size 8 Array Of Cards #cards 16 size 48 Howl #buckets 8 coarsen threshold 3686 Howl Bitmap #cards 512 size 80 coarsen threshold 460 Card regions per heap region 1 cards per card region 4096
 CPUs: 2 total, 2 available
 Memory: 8014M
 Large Page Support: Disabled
 NUMA Support: Disabled
 Compressed Oops: Enabled (Zero based)
 Heap Region Size: 2M
 Heap Min Capacity: 8M
 Heap Initial Capacity: 126M
 Heap Max Capacity: 4G
 Pre-touch: Disabled
 Parallel Workers: 2
 Concurrent Workers: 1
 Concurrent Refinement Workers: 2
 Periodic GC: Disabled
Heap:
 garbage-first heap   total 491520K, used 279747K [0x0000000700000000, 0x0000000800000000)
  region size 2048K, 8 young (16384K), 8 survivors (16384K)
 Metaspace       used 182266K, committed 185472K, reserved 1245184K
  class space    used 24505K, committed 26112K, reserved 1048576K
GC Heap History (20 events):
Event: 462.580 GC heap before
{Heap before GC invocations=123 (full 0):
 garbage-first heap   total 491520K, used 465066K [0x0000000700000000, 0x0000000800000000)
  region size 2048K, 95 young (194560K), 6 survivors (12288K)
 Metaspace       used 180153K, committed 183360K, reserved 1245184K
  class space    used 24202K, committed 25856K, reserved 1048576K
}
Event: 462.620 GC heap after
{Heap after GC invocations=124 (full 0):
 garbage-first heap   total 491520K, used 280469K [0x0000000700000000, 0x0000000800000000)
  region size 2048K, 6 young (12288K), 6 survivors (12288K)
 Metaspace       used 180153K, committed 183360K, reserved 1245184K
  class space    used 24202K, committed 25856K, reserved 1048576K
}
Event: 465.372 GC heap before
{Heap before GC invocations=124 (full 0):
 garbage-first heap   total 491520K, used 464789K [0x0000000700000000, 0x0000000800000000)
  region size 2048K, 96 young (196608K), 6 survivors (12288K)
 Metaspace       used 180161K, committed 183424K, reserved 1245184K
  class space    used 24204K, committed 25856K, reserved 1048576K
}
Event: 465.403 GC heap after
{Heap after GC invocations=125 (full 0):
 garbage-first heap   total 491520K, used 282624K [0x0000000700000000, 0x0000000800000000)
  region size 2048K, 6 young (12288K), 6 survivors (12288K)
 Metaspace       used 180161K, committed 183424K, reserved 1245184K
  class space    used 24204K, committed 25856K, reserved 1048576K
}
Event: 468.861 GC heap before
{Heap before GC invocations=126 (full 0):
 garbage-first heap   total 491520K, used 466944K [0x0000000700000000, 0x0000000800000000)
  region size 2048K, 96 young (196608K), 6 survivors (12288K)
 Metaspace       used 180310K, committed 183552K, reserved 1245184K
  class space    used 24223K, committed 25856K, reserved 1048576K
}
Event: 468.898 GC heap after
{Heap after GC invocations=127 (full 0):
 garbage-first heap   total 491520K, used 285325K [0x0000000700000000, 0x0000000800000000)
  region size 2048K, 7 young (14336K), 7 survivors (14336K)
 Metaspace       used 180310K, committed 183552K, reserved 1245184K
  class space    used 24223K, committed 25856K, reserved 1048576K
}
Event: 471.583 GC heap before
{Heap before GC invocations=127 (full 0):
 garbage-first heap   total 491520K, used 463501K [0x0000000700000000, 0x0000000800000000)
  region size 2048K, 95 young (194560K), 7 survivors (14336K)
 Metaspace       used 180332K, committed 183552K, reserved 1245184K
  class space    used 24224K, committed 25856K, reserved 1048576K
}
Event: 471.637 GC heap after
{Heap after GC invocations=128 (full 0):
 garbage-first heap   total 491520K, used 282926K [0x0000000700000000, 0x0000000800000000)
  region size 2048K, 8 young (16384K), 8 survivors (16384K)
 Metaspace       used 180332K, committed 183552K, reserved 1245184K
  class space    used 24224K, committed 25856K, reserved 1048576K
}
Event: 474.715 GC heap before
{Heap before GC invocations=128 (full 0):
 garbage-first heap   total 491520K, used 465198K [0x0000000700000000, 0x0000000800000000)
  region size 2048K, 97 young (198656K), 8 survivors (16384K)
 Metaspace       used 180363K, committed 183552K, reserved 1245184K
  class space    used 24225K, committed 25856K, reserved 1048576K
}
Event: 474.751 GC heap after
{Heap after GC invocations=129 (full 0):
 garbage-first heap   total 491520K, used 283072K [0x0000000700000000, 0x0000000800000000)
  region size 2048K, 7 young (14336K), 7 survivors (14336K)
 Metaspace       used 180363K, committed 183552K, reserved 1245184K
  class space    used 24225K, committed 25856K, reserved 1048576K
}
Event: 479.830 GC heap before
{Heap before GC invocations=130 (full 0):
 garbage-first heap   total 491520K, used 465344K [0x0000000700000000, 0x0000000800000000)
  region size 2048K, 96 young (196608K), 7 survivors (14336K)
 Metaspace       used 181541K, committed 184768K, reserved 1245184K
  class space    used 24419K, committed 26048K, reserved 1048576K
}
Event: 479.867 GC heap after
{Heap after GC invocations=131 (full 0):
 garbage-first heap   total 491520K, used 284096K [0x0000000700000000, 0x0000000800000000)
  region size 2048K, 7 young (14336K), 7 survivors (14336K)
 Metaspace       used 181541K, committed 184768K, reserved 1245184K
  class space    used 24419K, committed 26048K, reserved 1048576K
}
Event: 482.289 GC heap before
{Heap before GC invocations=131 (full 0):
 garbage-first heap   total 491520K, used 466368K [0x0000000700000000, 0x0000000800000000)
  region size 2048K, 96 young (196608K), 7 survivors (14336K)
 Metaspace       used 181997K, committed 185216K, reserved 1245184K
  class space    used 24478K, committed 26112K, reserved 1048576K
}
Event: 482.332 GC heap after
{Heap after GC invocations=132 (full 0):
 garbage-first heap   total 491520K, used 280820K [0x0000000700000000, 0x0000000800000000)
  region size 2048K, 7 young (14336K), 7 survivors (14336K)
 Metaspace       used 181997K, committed 185216K, reserved 1245184K
  class space    used 24478K, committed 26112K, reserved 1048576K
}
Event: 484.359 GC heap before
{Heap before GC invocations=132 (full 0):
 garbage-first heap   total 491520K, used 465140K [0x0000000700000000, 0x0000000800000000)
  region size 2048K, 97 young (198656K), 7 survivors (14336K)
 Metaspace       used 182036K, committed 185216K, reserved 1245184K
  class space    used 24479K, committed 26112K, reserved 1048576K
}
Event: 484.394 GC heap after
{Heap after GC invocations=133 (full 0):
 garbage-first heap   total 491520K, used 280820K [0x0000000700000000, 0x0000000800000000)
  region size 2048K, 7 young (14336K), 7 survivors (14336K)
 Metaspace       used 182036K, committed 185216K, reserved 1245184K
  class space    used 24479K, committed 26112K, reserved 1048576K
}
Event: 486.914 GC heap before
{Heap before GC invocations=134 (full 0):
 garbage-first heap   total 491520K, used 465140K [0x0000000700000000, 0x0000000800000000)
  region size 2048K, 97 young (198656K), 7 survivors (14336K)
 Metaspace       used 182037K, committed 185216K, reserved 1245184K
  class space    used 24479K, committed 26112K, reserved 1048576K
}
Event: 486.952 GC heap after
{Heap after GC invocations=135 (full 0):
 garbage-first heap   total 491520K, used 281844K [0x0000000700000000, 0x0000000800000000)
  region size 2048K, 8 young (16384K), 8 survivors (16384K)
 Metaspace       used 182037K, committed 185216K, reserved 1245184K
  class space    used 24479K, committed 26112K, reserved 1048576K
}
Event: 487.989 GC heap before
{Heap before GC invocations=135 (full 0):
 garbage-first heap   total 491520K, used 464116K [0x0000000700000000, 0x0000000800000000)
  region size 2048K, 97 young (198656K), 8 survivors (16384K)
 Metaspace       used 182038K, committed 185216K, reserved 1245184K
  class space    used 24479K, committed 26112K, reserved 1048576K
}
Event: 488.033 GC heap after
{Heap after GC invocations=136 (full 0):
 garbage-first heap   total 491520K, used 277877K [0x0000000700000000, 0x0000000800000000)
  region size 2048K, 8 young (16384K), 8 survivors (16384K)
 Metaspace       used 182038K, committed 185216K, reserved 1245184K
  class space    used 24479K, committed 26112K, reserved 1048576K
}

